app/build/intermediates/manifest_merge_blame_file/debug/manifest-merger-blame-debug-report.txt
1<?xml version="1.0" encoding="utf-8"?>
2<manifest xmlns:android="http://schemas.android.com/apk/res/android"
3    package="br.unicamp.projprat3"
4    android:versionCode="1"
5    android:versionName="1.0" >
6
7    <uses-sdk
8        android:minSdkVersion="26"
8-->src\main\AndroidManifest.xml
9        android:targetSdkVersion="31" />
9-->src\main\AndroidManifest.xml
10
11    <uses-permission android:name="android.permission.INTERNET" />
11-->src\main\AndroidManifest.xml:5:5-67
11-->src\main\AndroidManifest.xml:5:22-64
12
13    <application
13-->src\main\AndroidManifest.xml:7:5-50:19
14        android:allowBackup="true"
14-->src\main\AndroidManifest.xml:8:9-35
15        android:appComponentFactory="androidx.core.app.CoreComponentFactory"
15-->[androidx.core:core:1.5.0] AndroidManifest.xml:24:18-86
16        android:debuggable="true"
17        android:extractNativeLibs="false"
18        android:icon="@mipmap/ic_launcher"
18-->src\main\AndroidManifest.xml:9:9-43
19        android:label="@string/app_name"
19-->src\main\AndroidManifest.xml:10:9-41
20        android:roundIcon="@mipmap/ic_launcher_round"
20-->src\main\AndroidManifest.xml:11:9-54
21        android:supportsRtl="true"
21-->src\main\AndroidManifest.xml:12:9-35
22        android:testOnly="true"
23        android:theme="@style/Theme.ProjPrat3" >
23-->src\main\AndroidManifest.xml:13:9-47
24        <activity
24-->src\main\AndroidManifest.xml:14:9-16:39
25            android:name="br.unicamp.projprat3.TelaPrincipalUsuario"
25-->src\main\AndroidManifest.xml:15:13-49
26            android:exported="true" />
26-->src\main\AndroidManifest.xml:16:13-36
27        <activity
27-->src\main\AndroidManifest.xml:17:9-19:39
28            android:name="br.unicamp.projprat3.TelaPrincipalEmpresa"
28-->src\main\AndroidManifest.xml:18:13-49
29            android:exported="true" />
29-->src\main\AndroidManifest.xml:19:13-36
30        <activity
30-->src\main\AndroidManifest.xml:20:9-22:39
31            android:name="br.unicamp.projprat3.PerfilUsuario"
31-->src\main\AndroidManifest.xml:21:13-42
32            android:exported="true" />
32-->src\main\AndroidManifest.xml:22:13-36
33        <activity
33-->src\main\AndroidManifest.xml:23:9-25:39
34            android:name="br.unicamp.projprat3.PerfilEmpresa"
34-->src\main\AndroidManifest.xml:24:13-42
35            android:exported="true" />
35-->src\main\AndroidManifest.xml:25:13-36
36        <activity
36-->src\main\AndroidManifest.xml:26:9-28:39
37            android:name="br.unicamp.projprat3.TelaVaga"
37-->src\main\AndroidManifest.xml:27:13-37
38            android:exported="true" />
38-->src\main\AndroidManifest.xml:28:13-36
39        <activity
39-->src\main\AndroidManifest.xml:29:9-31:39
40            android:name="br.unicamp.projprat3.PerfilUsuarioClicado"
40-->src\main\AndroidManifest.xml:30:13-49
41            android:exported="true" />
41-->src\main\AndroidManifest.xml:31:13-36
42        <activity
42-->src\main\AndroidManifest.xml:32:9-34:39
43            android:name="br.unicamp.projprat3.CriarVaga"
43-->src\main\AndroidManifest.xml:33:13-38
44            android:exported="true" />
44-->src\main\AndroidManifest.xml:34:13-36
45        <activity
45-->src\main\AndroidManifest.xml:35:9-37:39
46            android:name="br.unicamp.projprat3.CadastroPessoa"
46-->src\main\AndroidManifest.xml:36:13-43
47            android:exported="true" />
47-->src\main\AndroidManifest.xml:37:13-36
48        <activity
48-->src\main\AndroidManifest.xml:38:9-40:39
49            android:name="br.unicamp.projprat3.CadastroEmpresa"
49-->src\main\AndroidManifest.xml:39:13-44
50            android:exported="true" />
50-->src\main\AndroidManifest.xml:40:13-36
51        <activity
51-->src\main\AndroidManifest.xml:41:9-49:20
52            android:name="br.unicamp.projprat3.TelaLogin"
52-->src\main\AndroidManifest.xml:42:13-38
53            android:exported="true" >
53-->src\main\AndroidManifest.xml:43:13-36
54            <intent-filter>
54-->src\main\AndroidManifest.xml:44:13-48:29
55                <action android:name="android.intent.action.MAIN" />
55-->src\main\AndroidManifest.xml:45:17-69
55-->src\main\AndroidManifest.xml:45:25-66
56
57                <category android:name="android.intent.category.LAUNCHER" />
57-->src\main\AndroidManifest.xml:47:17-77
57-->src\main\AndroidManifest.xml:47:27-74
58            </intent-filter>
59        </activity>
60
61        <provider
61-->[com.squareup.picasso:picasso:2.71828] AndroidManifest.xml:8:9-11:40
62            android:name="com.squareup.picasso.PicassoProvider"
62-->[com.squareup.picasso:picasso:2.71828] AndroidManifest.xml:9:13-64
63            android:authorities="br.unicamp.projprat3.com.squareup.picasso"
63-->[com.squareup.picasso:picasso:2.71828] AndroidManifest.xml:10:13-72
64            android:exported="false" />
64-->[com.squareup.picasso:picasso:2.71828] AndroidManifest.xml:11:13-37
65    </application>
66
67</manifest>